生成启动时间为 2019/7/7 14:09:23。
     1>项目“d:\documents\visual studio 2013\Projects\AlgorithmOptimization\DoSum\DoSum.vcxproj”在节点 2 上(Build 个目标)。
     1>ClCompile:
         C:\Program Files (x86)\Microsoft Visual Studio 12.0\VC\bin\CL.exe /c /ZI /nologo /W3 /WX- /sdl /Od /Oy- /D WIN32 /D _DEBUG /D _CONSOLE /D _LIB /D _UNICODE /D UNICODE /Gm /EHsc /RTC1 /MDd /GS /fp:precise /Zc:wchar_t /Zc:forScope /Fo"Debug\\" /Fd"Debug\vc120.pdb" /Gd /TP /analyze- /errorReport:prompt DoSum.cpp
         DoSum.cpp
     1>d:\documents\visual studio 2013\projects\algorithmoptimization\dosum\neonvssse.h(3125): warning C4309: “参数”: 截断常量值
     1>d:\documents\visual studio 2013\projects\algorithmoptimization\dosum\neonvssse.h(3137): warning C4309: “参数”: 截断常量值
     1>d:\documents\visual studio 2013\projects\algorithmoptimization\dosum\neonvssse.h(4758): warning C4309: “参数”: 截断常量值
     1>d:\documents\visual studio 2013\projects\algorithmoptimization\dosum\neonvssse.h(4769): warning C4309: “参数”: 截断常量值
     1>d:\documents\visual studio 2013\projects\algorithmoptimization\dosum\neonvssse.h(5195): warning C4309: “参数”: 截断常量值
     1>d:\documents\visual studio 2013\projects\algorithmoptimization\dosum\neonvssse.h(5431): warning C4309: “参数”: 截断常量值
     1>d:\documents\visual studio 2013\projects\algorithmoptimization\dosum\neonvssse.h(5442): warning C4309: “参数”: 截断常量值
     1>d:\documents\visual studio 2013\projects\algorithmoptimization\dosum\neonvssse.h(6287): warning C4309: “参数”: 截断常量值
     1>d:\documents\visual studio 2013\projects\algorithmoptimization\dosum\neonvssse.h(6583): warning C4309: “初始化”: 截断常量值
     1>d:\documents\visual studio 2013\projects\algorithmoptimization\dosum\neonvssse.h(6674): warning C4309: “初始化”: 截断常量值
     1>d:\documents\visual studio 2013\projects\algorithmoptimization\dosum\neonvssse.h(6771): warning C4244: “=”: 从“double”转换到“float”，可能丢失数据
     1>d:\documents\visual studio 2013\projects\algorithmoptimization\dosum\neonvssse.h(6772): warning C4244: “=”: 从“float”转换到“uint32_t”，可能丢失数据
     1>d:\documents\visual studio 2013\projects\algorithmoptimization\dosum\neonvssse.h(6798): warning C4244: “=”: 从“double”转换到“float”，可能丢失数据
     1>d:\documents\visual studio 2013\projects\algorithmoptimization\dosum\neonvssse.h(6800): warning C4244: “=”: 从“double”转换到“float”，可能丢失数据
     1>d:\documents\visual studio 2013\projects\algorithmoptimization\dosum\neonvssse.h(6838): warning C4244: “=”: 从“double”转换到“float”，可能丢失数据
     1>d:\documents\visual studio 2013\projects\algorithmoptimization\dosum\neonvssse.h(6840): warning C4244: “=”: 从“double”转换到“float”，可能丢失数据
     1>d:\documents\visual studio 2013\projects\algorithmoptimization\dosum\neonvssse.h(6845): warning C4244: “=”: 从“float”转换到“uint32_t”，可能丢失数据
     1>d:\documents\visual studio 2013\projects\algorithmoptimization\dosum\neonvssse.h(6872): warning C4244: “=”: 从“double”转换到“float”，可能丢失数据
     1>d:\documents\visual studio 2013\projects\algorithmoptimization\dosum\neonvssse.h(6876): warning C4244: “=”: 从“double”转换到“float”，可能丢失数据
     1>d:\documents\visual studio 2013\projects\algorithmoptimization\dosum\neonvssse.h(8365): warning C4309: “参数”: 截断常量值
     1>d:\documents\visual studio 2013\projects\algorithmoptimization\dosum\neonvssse.h(11334): warning C4309: “初始化”: 截断常量值
     1>d:\documents\visual studio 2013\projects\algorithmoptimization\dosum\neonvssse.h(11335): warning C4309: “初始化”: 截断常量值
     1>d:\documents\visual studio 2013\projects\algorithmoptimization\dosum\neonvssse.h(12160): warning C4244: “参数”: 从“uint64_t”转换到“int”，可能丢失数据
     1>d:\documents\visual studio 2013\projects\algorithmoptimization\dosum\neonvssse.h(14648): warning C4309: “参数”: 截断常量值
     1>d:\documents\visual studio 2013\projects\algorithmoptimization\dosum\neonvssse.h(14658): warning C4309: “参数”: 截断常量值
     1>d:\documents\visual studio 2013\projects\algorithmoptimization\dosum\neonvssse.h(14971): warning C4309: “参数”: 截断常量值
       Link:
         C:\Program Files (x86)\Microsoft Visual Studio 12.0\VC\bin\link.exe /ERRORREPORT:PROMPT /OUT:"d:\documents\visual studio 2013\Projects\AlgorithmOptimization\Debug\DoSum.exe" /INCREMENTAL /NOLOGO kernel32.lib user32.lib gdi32.lib winspool.lib comdlg32.lib advapi32.lib shell32.lib ole32.lib oleaut32.lib uuid.lib odbc32.lib odbccp32.lib /MANIFEST /MANIFESTUAC:"level='asInvoker' uiAccess='false'" /manifest:embed /DEBUG /PDB:"d:\documents\visual studio 2013\Projects\AlgorithmOptimization\Debug\DoSum.pdb" /SUBSYSTEM:CONSOLE /TLBID:1 /DYNAMICBASE /NXCOMPAT /IMPLIB:"d:\documents\visual studio 2013\Projects\AlgorithmOptimization\Debug\DoSum.lib" /MACHINE:X86 Debug\DoSum.obj
         DoSum.vcxproj -> d:\documents\visual studio 2013\Projects\AlgorithmOptimization\Debug\DoSum.exe
     1>已完成生成项目“d:\documents\visual studio 2013\Projects\AlgorithmOptimization\DoSum\DoSum.vcxproj”(Build 个目标)的操作。

生成成功。

已用时间 00:00:00.71
